2024-05-26 18:58:26 DEBUG TelegramBot:50 - yow
2024-05-26 18:58:26 DEBUG TelegramBot:50 - whats up
2024-05-26 19:09:17 DEBUG TelegramBot:50 - yo what's up
2024-05-27 23:24:34 DEBUG TelegramBot:50 - ok
2024-05-28 00:03:34 ERROR UpdateController:28 - Received update is null
2024-05-28 00:03:52 ERROR UpdateController:28 - Received update is null
2024-05-28 00:09:24 DEBUG UpdateProducerImpl:13 - i mean
2024-05-28 00:09:58 DEBUG UpdateProducerImpl:13 - 
2024-05-28 00:10:28 DEBUG UpdateProducerImpl:13 - 
2024-05-28 01:03:12 DEBUG UpdateProducerImpl:19 - hello
2024-05-28 01:03:58 DEBUG UpdateProducerImpl:19 - how's it going?
2024-05-31 19:20:11 DEBUG UpdateProducerImpl:19 - lol
2024-06-01 18:41:37 DEBUG UpdateProducerImpl:19 - hello
2024-06-01 19:13:47 DEBUG UpdateProducerImpl:19 - what's up
2024-06-01 19:40:56 DEBUG UpdateProducerImpl:19 - 
2024-06-03 16:58:52 DEBUG UpdateProducerImpl:19 - hello, mr. Bot!
2024-06-03 17:13:15 DEBUG UpdateProducerImpl:19 - what's up
2024-06-05 22:07:56 DEBUG UpdateProducerImpl:19 - hello, dude
2024-06-06 20:00:23 ERROR UpdateController:35 - Received unsupported message type
2024-06-06 20:00:24 ERROR UpdateController:35 - Received unsupported message type
2024-06-06 20:00:25 DEBUG UpdateProducerImpl:19 - /start
2024-06-06 20:00:47 DEBUG UpdateProducerImpl:19 - /help
2024-06-06 20:00:56 DEBUG UpdateProducerImpl:19 - /registration
2024-06-06 20:00:59 DEBUG UpdateProducerImpl:19 - /cancel
2024-06-06 20:06:19 ERROR UpdateController:35 - Received unsupported message type
2024-06-06 20:06:20 ERROR UpdateController:35 - Received unsupported message type
2024-06-06 20:06:20 DEBUG UpdateProducerImpl:19 - /start
2024-06-06 20:06:26 DEBUG UpdateProducerImpl:19 - /help
2024-06-06 20:08:55 ERROR UpdateController:35 - Received unsupported message type
2024-06-06 20:08:56 ERROR UpdateController:35 - Received unsupported message type
2024-06-06 20:08:57 DEBUG UpdateProducerImpl:19 - /start
2024-06-06 20:09:00 DEBUG UpdateProducerImpl:19 - /start
2024-06-06 20:11:46 ERROR UpdateController:35 - Received unsupported message type
2024-06-06 20:11:47 ERROR UpdateController:35 - Received unsupported message type
2024-06-06 20:11:47 DEBUG UpdateProducerImpl:19 - /start
2024-06-06 20:11:50 DEBUG UpdateProducerImpl:19 - /help
2024-06-06 20:11:53 DEBUG UpdateProducerImpl:19 - /cancel
2024-06-06 20:11:56 DEBUG UpdateProducerImpl:19 - /registration
2024-06-06 20:11:59 DEBUG UpdateProducerImpl:19 - /start
2024-06-06 20:12:37 DEBUG UpdateProducerImpl:19 - /some_command
2024-06-06 20:13:07 DEBUG UpdateProducerImpl:19 - 
2024-06-09 20:59:23 DEBUG UpdateProducerImpl:19 - 
2024-06-09 21:03:58 DEBUG UpdateProducerImpl:19 - 
2024-06-09 21:07:13 DEBUG UpdateProducerImpl:19 - 
2024-06-09 22:25:14 DEBUG UpdateProducerImpl:19 - 
2024-06-09 22:27:02 DEBUG UpdateProducerImpl:19 - 
2024-06-10 12:18:55 DEBUG UpdateProducerImpl:19 - 
2024-06-10 12:28:06 DEBUG UpdateProducerImpl:19 - 
